PlzDh2v4cA0fruHDNXy4hg/X8OEaPlzDh2v4cA0fruHDNXy4hg/X8OEaPlzDh2v4cA0fruHDNXy4
hg/X8OEaPlzDh2v4cA0fruHDNXy4hg/X8OEaPlzDh2v4cA0f7tNwB/b8C3v+hT3/wp5/Yc+/sOdf
2PMv7PkX9hw+XMOHa/hwDR+u4cM1fLiGD9fw4Ro+XMOHa/hwDR+u4cM1fLiGD9fw4Ro+XMOHa/hw
DR+u4cM1fLiGD9fw4Ro+XMOHa/hwDR+u4cM1fLiGD9fw4Ro+XMOHa/hwDR+u4cM1fLiGD9fw4Ro+
XMOHa/hwDR+u4cM1fLiGD9fw4Ro+XMOHa/hwDR+u4cM1fLiGD9fw4Ro+XMOHa/hwDR+u4cM1fLiG
D9fw4Ro+XMOHa/hwDR+u4cM1fLiGD9fw4Ro+XMOHa/hwDR+u4cM1fLiGD9fw4Ro+XMOHa/hwDR+u
4cM1fLiGD9fw4Ro+XMOHa/hwDR+u4cM1fLiGD9fw4Ro+XMOHa/hwDR+u4cM1fLiGD9fw4Ro+XMOH
a/hwDR+u4cM1fLiGD9fw4Ro+XMOHa/hwDR+u4cM1fLiGD9fw4Ro+XMOHa/hwDR+u4cM1fLiGD9fw
4Ro+XMOHa/hwDR+u4cM1fLiGD9fw4Ro+XMOHa/hwDR+u4cM1fLiGD9fw4Ro+XMOHa/hwDR+u4cM1
fLiGD9fw4Ro+XMOHa/hwDR+u4cM1fLiGD9fw4Ro+XMOHa/hwDR+u4cM1fLiGD9fw4Ro+XMOHa/hw
DR+u4cM1fLiGD9fw4Ro+XMOHa/hwDR+u4cM1fLiGD9fw4Ro+XMOHa/hwDR+u4cM1fLiGD9fw4Ro+
XMOHa/hwDR+u4cM1fLiGD9fw4Ro+XMOHa/hwDR+u4cM1fLiGD9fw4Ro+XMOHa/hwDR+u79PbcAf2
HD5cw4dr+HANH67hwzV8uIYP1/DhGj5cw4dr+HANH67hwzV8uIYP92m4A3sOH67hwzV8uIYP1/Dh
Gj5cw4dr+HD9+nD//uPP2v2iyPv1if/xK//y/1uh3X+/f97+cu7nkt+2+z2337S9/8/5bbt/J/+8
5et6UN+0/3G/7vDbdj/e/bbleXvzw/14/Gmf/f2mfV2v6mn5T6/5l5///h//6aeff/2r3/zm+7/+
x//703ef92/2+z/88Y+/fPd5c9/94fv/+S//8Mfv7vci/fvD7/72N3/1lz9+/f7zwfD+7sfk67NQ
53c/ft7o778+r2B/vz/+9r/+HX/33W9/++tf/esvf//zL//n558+f2T3C1Km6te/+ou/+PF//f7X
v/qP+nmd/32v8Pv//fNP//bdn17Y93/zh5/+4a9/+efv/vQO/PblZz9/+/Knl///AFBLAQIUABQA
AAAIANACilkaoJFKq3MeAMqsKgAMAAAAAAAAAAAAIAAAAAAAAABTQVBDMDJ2OC5wZGZQSwUGAAAA
AAEAAQA6AAAA1XMe